Using pre-set license
Built from '2020.2/release' branch; Version is '2020.2.2f1 (068178b99f32) revision 426360'; Using compiler version '192528614'; Build Type 'Release'
OS: 'Windows 10 Enterprise; OS build 19041.804; Version 2004; 64bit' Language: 'en' Physical Memory: 16255 MB
BatchMode: 1, IsHumanControllingUs: 0, StartBugReporterOnCrash: 0, Is64bit: 1, IsPro: 0

 COMMAND LINE ARGUMENTS:
C:\Program Files\Unity\Hub\Editor\2020.2.2f1\Editor\Unity.exe
-adb2
-batchMode
-noUpm
-name
AssetImportWorker1
-projectPath
C:/Users/davy0020/Documents/AgProject/agMinecraftUnity
-logFile
Logs/AssetImportWorker1.log
-srvPort
54570
Successfully changed project path to: C:/Users/davy0020/Documents/AgProject/agMinecraftUnity
C:/Users/davy0020/Documents/AgProject/agMinecraftUnity
Using Asset Import Pipeline V2.
Refreshing native plugins compatible for Editor in 49.99 ms, found 1 plugins.
Preloading 0 native plugins for Editor in 0.00 ms.
Initialize engine version: 2020.2.2f1 (068178b99f32)
[Subsystems] Discovering subsystems at path C:/Program Files/Unity/Hub/Editor/2020.2.2f1/Editor/Data/Resources/UnitySubsystems
[Subsystems] Discovering subsystems at path C:/Users/davy0020/Documents/AgProject/agMinecraftUnity/Assets
GfxDevice: creating device client; threaded=0
Direct3D:
    Version:  Direct3D 11.0 [level 11.1]
    Renderer: NVIDIA GeForce GTX 980M (ID=0x13d7)
    Vendor:   
    VRAM:     8144 MB
    Driver:   27.21.14.5638
Initialize mono
Mono path[0] = 'C:/Program Files/Unity/Hub/Editor/2020.2.2f1/Editor/Data/Managed'
Mono path[1] = 'C:/Program Files/Unity/Hub/Editor/2020.2.2f1/Editor/Data/MonoBleedingEdge/lib/mono/unityjit'
Mono config path = 'C:/Program Files/Unity/Hub/Editor/2020.2.2f1/Editor/Data/MonoBleedingEdge/etc'
Using monoOptions --debugger-agent=transport=dt_socket,embedding=1,server=y,suspend=n,address=127.0.0.1:56908
Begin MonoManager ReloadAssembly
Registering precompiled unity dll's ...
Register platform support module: C:/Program Files/Unity/Hub/Editor/2020.2.2f1/Editor/Data/PlaybackEngines/WindowsStandaloneSupport/UnityEditor.WindowsStandalone.Extensions.dll
Registered in 0.003566 seconds.
Native extension for WindowsStandalone target not found
Refreshing native plugins compatible for Editor in 43.40 ms, found 1 plugins.
Preloading 0 native plugins for Editor in 0.00 ms.
Invoked RoslynAnalysisRunner static constructor.
RoslynAnalysisRunner will not be running.
RoslynAnalysisRunner has terminated.
Mono: successfully reloaded assembly
- Completed reload, in  1.429 seconds
Platform modules already initialized, skipping
Registering precompiled user dll's ...
Registered in 0.001765 seconds.
Begin MonoManager ReloadAssembly
Native extension for WindowsStandalone target not found
Refreshing native plugins compatible for Editor in 45.00 ms, found 1 plugins.
Preloading 0 native plugins for Editor in 0.00 ms.
Invoked RoslynAnalysisRunner static constructor.
RoslynAnalysisRunner will not be running.
RoslynAnalysisRunner has terminated.
Mono: successfully reloaded assembly
- Completed reload, in  1.194 seconds
Platform modules already initialized, skipping
========================================================================
Worker process is ready to serve import requests
Launched and connected shader compiler UnityShaderCompiler.exe after 0.15 seconds
Refreshing native plugins compatible for Editor in 0.45 ms, found 1 plugins.
Preloading 0 native plugins for Editor in 0.00 ms.
Unloading 1828 Unused Serialized files (Serialized files now loaded: 0)
System memory in use before: 86.7 MB.
System memory in use after: 86.8 MB.

Unloading 19 unused Assets to reduce memory usage. Loaded Objects now: 2276.
Total: 3.300000 ms (FindLiveObjects: 0.267200 ms CreateObjectMapping: 0.077100 ms MarkObjects: 2.846600 ms  DeleteObjects: 0.108200 ms)

========================================================================
Received Import Request.
  path: Assets/Scenes/Minigame1/Textures/Background.jpg
  artifactKey: Guid(d13499d89d908aa419cd1175cf414761) Importer(815301076,1909f56bfc062723c751e8b465ee728b)
Start importing Assets/Scenes/Minigame1/Textures/Background.jpg using Guid(d13499d89d908aa419cd1175cf414761) Importer(815301076,1909f56bfc062723c751e8b465ee728b)  -> (artifact id: '315b3f55c4defcb664bbf5fd5ee4af06') in 0.239100 seconds
  Import took 0.244264 seconds .

========================================================================
Received Import Request.
  Time since last request: 281.408236 seconds.
  path: Assets/Scenes/Test.unity
  artifactKey: Guid(2cda990e2423bbf4892e6590ba056729) Importer(815301076,1909f56bfc062723c751e8b465ee728b)
Start importing Assets/Scenes/Test.unity using Guid(2cda990e2423bbf4892e6590ba056729) Importer(815301076,1909f56bfc062723c751e8b465ee728b)  -> (artifact id: '5cd1fd6ec50ffa647311894aa11b0bd5') in 0.021889 seconds
  Import took 0.028399 seconds .

========================================================================
Received Import Request.
  Time since last request: 33.293493 seconds.
  path: Assets/Scenes/Minigame1/Minigame1.unity
  artifactKey: Guid(17e0b79f8912aef44b22ee5ed6325704) Importer(815301076,1909f56bfc062723c751e8b465ee728b)
Start importing Assets/Scenes/Minigame1/Minigame1.unity using Guid(17e0b79f8912aef44b22ee5ed6325704) Importer(815301076,1909f56bfc062723c751e8b465ee728b)  -> (artifact id: '623ab05d74b442ff61389b9a77978ced') in 0.012040 seconds
  Import took 0.022214 seconds .

========================================================================
Received Import Request.
  Time since last request: 93.106491 seconds.
  path: Assets/Scenes/Minigame1/Minigame1.unity
  artifactKey: Guid(17e0b79f8912aef44b22ee5ed6325704) Importer(815301076,1909f56bfc062723c751e8b465ee728b)
Start importing Assets/Scenes/Minigame1/Minigame1.unity using Guid(17e0b79f8912aef44b22ee5ed6325704) Importer(815301076,1909f56bfc062723c751e8b465ee728b)  -> (artifact id: '9409abaa5ee2d30afaa809b5309c882a') in 0.010488 seconds
  Import took 0.021285 seconds .

========================================================================
Received Prepare
Registering precompiled user dll's ...
Registered in 0.005316 seconds.
Begin MonoManager ReloadAssembly
Native extension for WindowsStandalone target not found
Refreshing native plugins compatible for Editor in 0.39 ms, found 1 plugins.
Preloading 0 native plugins for Editor in 0.00 ms.
Invoked RoslynAnalysisRunner static constructor.
RoslynAnalysisRunner will not be running.
RoslynAnalysisRunner has terminated.
Mono: successfully reloaded assembly
- Completed reload, in  1.137 seconds
Platform modules already initialized, skipping
Refreshing native plugins compatible for Editor in 0.46 ms, found 1 plugins.
Preloading 0 native plugins for Editor in 0.00 ms.
Unloading 1806 Unused Serialized files (Serialized files now loaded: 0)
System memory in use before: 88.7 MB.
System memory in use after: 88.8 MB.

Unloading 8 unused Assets to reduce memory usage. Loaded Objects now: 2284.
Total: 3.216400 ms (FindLiveObjects: 0.400800 ms CreateObjectMapping: 0.163500 ms MarkObjects: 2.631000 ms  DeleteObjects: 0.019800 ms)

========================================================================
Received Import Request.
  Time since last request: 6745.446738 seconds.
  path: Assets/Scenes/Minigame1/Minigame1.unity
  artifactKey: Guid(17e0b79f8912aef44b22ee5ed6325704) Importer(815301076,1909f56bfc062723c751e8b465ee728b)
Start importing Assets/Scenes/Minigame1/Minigame1.unity using Guid(17e0b79f8912aef44b22ee5ed6325704) Importer(815301076,1909f56bfc062723c751e8b465ee728b)  -> (artifact id: 'c48f69df1a2e8838e97e631c06944a4d') in 0.027670 seconds
  Import took 0.038735 seconds .

========================================================================
Received Prepare
Registering precompiled user dll's ...
Registered in 0.001527 seconds.
Begin MonoManager ReloadAssembly
Native extension for WindowsStandalone target not found
Refreshing native plugins compatible for Editor in 0.68 ms, found 1 plugins.
Preloading 0 native plugins for Editor in 0.00 ms.
Invoked RoslynAnalysisRunner static constructor.
RoslynAnalysisRunner will not be running.
RoslynAnalysisRunner has terminated.
Mono: successfully reloaded assembly
- Completed reload, in  1.596 seconds
Platform modules already initialized, skipping
Refreshing native plugins compatible for Editor in 0.68 ms, found 1 plugins.
Preloading 0 native plugins for Editor in 0.00 ms.
Unloading 1806 Unused Serialized files (Serialized files now loaded: 0)
System memory in use before: 88.9 MB.
System memory in use after: 89.0 MB.

Unloading 8 unused Assets to reduce memory usage. Loaded Objects now: 2286.
Total: 4.269600 ms (FindLiveObjects: 0.644700 ms CreateObjectMapping: 0.329300 ms MarkObjects: 3.267000 ms  DeleteObjects: 0.026600 ms)

========================================================================
Received Prepare
Registering precompiled user dll's ...
Registered in 0.001197 seconds.
Begin MonoManager ReloadAssembly
Native extension for WindowsStandalone target not found
Refreshing native plugins compatible for Editor in 0.38 ms, found 1 plugins.
Preloading 0 native plugins for Editor in 0.00 ms.
Invoked RoslynAnalysisRunner static constructor.
RoslynAnalysisRunner will not be running.
RoslynAnalysisRunner has terminated.
Mono: successfully reloaded assembly
- Completed reload, in  0.985 seconds
Platform modules already initialized, skipping
Refreshing native plugins compatible for Editor in 0.45 ms, found 1 plugins.
Preloading 0 native plugins for Editor in 0.00 ms.
Unloading 1806 Unused Serialized files (Serialized files now loaded: 0)
System memory in use before: 89.0 MB.
System memory in use after: 89.2 MB.

Unloading 8 unused Assets to reduce memory usage. Loaded Objects now: 2288.
Total: 3.220600 ms (FindLiveObjects: 0.618900 ms CreateObjectMapping: 0.214400 ms MarkObjects: 2.332200 ms  DeleteObjects: 0.053600 ms)

========================================================================
Received Prepare
Registering precompiled user dll's ...
Registered in 0.001396 seconds.
Begin MonoManager ReloadAssembly
Native extension for WindowsStandalone target not found
Refreshing native plugins compatible for Editor in 0.43 ms, found 1 plugins.
Preloading 0 native plugins for Editor in 0.00 ms.
Invoked RoslynAnalysisRunner static constructor.
RoslynAnalysisRunner will not be running.
RoslynAnalysisRunner has terminated.
Mono: successfully reloaded assembly
- Completed reload, in  0.985 seconds
Platform modules already initialized, skipping
Refreshing native plugins compatible for Editor in 0.54 ms, found 1 plugins.
Preloading 0 native plugins for Editor in 0.00 ms.
Unloading 1806 Unused Serialized files (Serialized files now loaded: 0)
System memory in use before: 89.2 MB.
System memory in use after: 89.3 MB.

Unloading 8 unused Assets to reduce memory usage. Loaded Objects now: 2290.
Total: 2.462300 ms (FindLiveObjects: 0.408700 ms CreateObjectMapping: 0.122200 ms MarkObjects: 1.891900 ms  DeleteObjects: 0.038400 ms)

========================================================================
Received Prepare
Registering precompiled user dll's ...
Registered in 0.001257 seconds.
Begin MonoManager ReloadAssembly
Native extension for WindowsStandalone target not found
Refreshing native plugins compatible for Editor in 0.47 ms, found 1 plugins.
Preloading 0 native plugins for Editor in 0.00 ms.
Invoked RoslynAnalysisRunner static constructor.
RoslynAnalysisRunner will not be running.
RoslynAnalysisRunner has terminated.
Mono: successfully reloaded assembly
- Completed reload, in  1.252 seconds
Platform modules already initialized, skipping
Refreshing native plugins compatible for Editor in 0.68 ms, found 1 plugins.
Preloading 0 native plugins for Editor in 0.00 ms.
Unloading 1806 Unused Serialized files (Serialized files now loaded: 0)
System memory in use before: 89.4 MB.
System memory in use after: 89.5 MB.

Unloading 8 unused Assets to reduce memory usage. Loaded Objects now: 2292.
Total: 4.427000 ms (FindLiveObjects: 0.249800 ms CreateObjectMapping: 0.178500 ms MarkObjects: 3.903300 ms  DeleteObjects: 0.092700 ms)

AssetImportWorkerClient::OnTransportError - code=2 error=End of file
